<?xml version="1.0" encoding="UTF-8"?>
<testsuite name="com.yourname.MyTripleTest" tests="2" skipped="0" failures="0" errors="0" timestamp="2016-10-24T23:17:51" hostname="car-booth-18-pc" time="0.001">
  <properties/>
  <testcase name="testInstantiation" classname="com.yourname.MyTripleTest" time="0.001"/>
  <testcase name="testWrongCalculation" classname="com.yourname.MyTripleTest" time="0.0"/>
  <system-out><![CDATA[]]></system-out>
  <system-err><![CDATA[]]></system-err>
</testsuite>
